Flow report for pepinosDigitais
Tue Aug 22 20:33:55 2023
Quartus II 32-bit Version 12.1 Build 243 01/31/2013 Service Pack 1 SJ Web Edition


---------------------
; Table of Contents ;
---------------------
  1. Legal Notice
  2. Flow Summary
  3. Flow Settings
  4. Flow Non-Default Global Settings
  5. Flow Elapsed Time
  6. Flow OS Summary
  7. Flow Log



----------------
; Legal Notice ;
----------------
Copyright (C) 1991-2012 Altera Corporation
Your use of Altera Corporation's design tools, logic functions 
and other software and tools, and its AMPP partner logic 
functions, and any output files from any of the foregoing 
(including device programming or simulation files), and any 
associated documentation or information are expressly subject 
to the terms and conditions of the Altera Program License 
Subscription Agreement, Altera MegaCore Function License 
Agreement, or other applicable license agreement, including, 
without limitation, that your use is for the sole purpose of 
programming logic devices manufactured by Altera and sold by 
Altera or its authorized distributors.  Please refer to the 
applicable agreement for further details.



+------------------------------------------------------------------------------------+
; Flow Summary                                                                       ;
+------------------------------------+-----------------------------------------------+
; Flow Status                        ; Successful - Tue Aug 22 20:33:53 2023         ;
; Quartus II 32-bit Version          ; 12.1 Build 243 01/31/2013 SP 1 SJ Web Edition ;
; Revision Name                      ; pepinosDigitais                               ;
; Top-level Entity Name              ; pepinosDigitais                               ;
; Family                             ; Cyclone II                                    ;
; Device                             ; EP2C35F672C6                                  ;
; Timing Models                      ; Final                                         ;
; Total logic elements               ; 87 / 33,216 ( < 1 % )                         ;
;     Total combinational functions  ; 75 / 33,216 ( < 1 % )                         ;
;     Dedicated logic registers      ; 43 / 33,216 ( < 1 % )                         ;
; Total registers                    ; 43                                            ;
; Total pins                         ; 35 / 475 ( 7 % )                              ;
; Total virtual pins                 ; 0                                             ;
; Total memory bits                  ; 0 / 483,840 ( 0 % )                           ;
; Embedded Multiplier 9-bit elements ; 0 / 70 ( 0 % )                                ;
; Total PLLs                         ; 0 / 4 ( 0 % )                                 ;
+------------------------------------+-----------------------------------------------+


+-----------------------------------------+
; Flow Settings                           ;
+-------------------+---------------------+
; Option            ; Setting             ;
+-------------------+---------------------+
; Start date & time ; 08/22/2023 20:33:41 ;
; Main task         ; Compilation         ;
; Revision Name     ; pepinosDigitais     ;
+-------------------+---------------------+


+----------------------------------------------------------------------------------------------------------------+
; Flow Non-Default Global Settings                                                                               ;
+-------------------------------------+-------------------------------+---------------+-------------+------------+
; Assignment Name                     ; Value                         ; Default Value ; Entity Name ; Section Id ;
+-------------------------------------+-------------------------------+---------------+-------------+------------+
; COMPILER_SIGNATURE_ID               ; 1098994273295.169274722106124 ; --            ; --          ; --         ;
; MAX_CORE_JUNCTION_TEMP              ; 85                            ; --            ; --          ; --         ;
; MIN_CORE_JUNCTION_TEMP              ; 0                             ; --            ; --          ; --         ;
; PARTITION_COLOR                     ; 16764057                      ; --            ; --          ; Top        ;
; PARTITION_FITTER_PRESERVATION_LEVEL ; PLACEMENT_AND_ROUTING         ; --            ; --          ; Top        ;
; PARTITION_NETLIST_TYPE              ; SOURCE                        ; --            ; --          ; Top        ;
; PROJECT_OUTPUT_DIRECTORY            ; output_files                  ; --            ; --          ; --         ;
+-------------------------------------+-------------------------------+---------------+-------------+------------+


+-------------------------------------------------------------------------------------------------------------------------------+
; Flow Elapsed Time                                                                                                             ;
+---------------------------+--------------+-------------------------+---------------------+------------------------------------+
; Module Name               ; Elapsed Time ; Average Processors Used ; Peak Virtual Memory ; Total CPU Time (on all processors) ;
+---------------------------+--------------+-------------------------+---------------------+------------------------------------+
; Analysis & Synthesis      ; 00:00:02     ; 1.0                     ; 359 MB              ; 00:00:02                           ;
; Fitter                    ; 00:00:05     ; 1.0                     ; 466 MB              ; 00:00:05                           ;
; Assembler                 ; 00:00:03     ; 1.0                     ; 359 MB              ; 00:00:02                           ;
; TimeQuest Timing Analyzer ; 00:00:01     ; 1.0                     ; 315 MB              ; 00:00:01                           ;
; Total                     ; 00:00:11     ; --                      ; --                  ; 00:00:10                           ;
+---------------------------+--------------+-------------------------+---------------------+------------------------------------+


+----------------------------------------------------------------------------------------+
; Flow OS Summary                                                                        ;
+---------------------------+------------------+-----------+------------+----------------+
; Module Name               ; Machine Hostname ; OS Name   ; OS Version ; Processor type ;
+---------------------------+------------------+-----------+------------+----------------+
; Analysis & Synthesis      ; LAPTOP-CH001HUP  ; Windows 7 ; 6.2        ; x86_64         ;
; Fitter                    ; LAPTOP-CH001HUP  ; Windows 7 ; 6.2        ; x86_64         ;
; Assembler                 ; LAPTOP-CH001HUP  ; Windows 7 ; 6.2        ; x86_64         ;
; TimeQuest Timing Analyzer ; LAPTOP-CH001HUP  ; Windows 7 ; 6.2        ; x86_64         ;
+---------------------------+------------------+-----------+------------+----------------+


------------
; Flow Log ;
------------
quartus_map --read_settings_files=on --write_settings_files=off pepinosDigitais -c pepinosDigitais
quartus_fit --read_settings_files=off --write_settings_files=off pepinosDigitais -c pepinosDigitais
quartus_asm --read_settings_files=off --write_settings_files=off pepinosDigitais -c pepinosDigitais
quartus_sta pepinosDigitais -c pepinosDigitais



