Analysis & Synthesis report for pepinosDigitais
Tue Aug 29 20:19:15 2023
Quartus II 32-bit Version 12.1 Build 243 01/31/2013 Service Pack 1 SJ Web Edition


---------------------
; Table of Contents ;
---------------------
  1. Legal Notice
  2. Analysis & Synthesis Summary
  3. Analysis & Synthesis Settings
  4. Parallel Compilation
  5. Analysis & Synthesis Source Files Read
  6. Analysis & Synthesis Resource Usage Summary
  7. Analysis & Synthesis Resource Utilization by Entity
  8. Registers Removed During Synthesis
  9. Removed Registers Triggering Further Register Optimizations
 10. General Register Statistics
 11. Inverted Register Statistics
 12. Multiplexer Restructuring Statistics (Restructuring Performed)
 13. Parameter Settings for User Entity Instance: Top-level Entity: |pepinosDigitais
 14. Parameter Settings for User Entity Instance: vga:instancia_vga
 15. Parameter Settings for User Entity Instance: randomizer:instancia_randomizer
 16. Port Connectivity Checks: "vga:instancia_vga"
 17. Port Connectivity Checks: "clock_25M_divider:inst_clock_25M"
 18. Elapsed Time Per Partition
 19. Analysis & Synthesis Messages



----------------
; Legal Notice ;
----------------
Copyright (C) 1991-2012 Altera Corporation
Your use of Altera Corporation's design tools, logic functions 
and other software and tools, and its AMPP partner logic 
functions, and any output files from any of the foregoing 
(including device programming or simulation files), and any 
associated documentation or information are expressly subject 
to the terms and conditions of the Altera Program License 
Subscription Agreement, Altera MegaCore Function License 
Agreement, or other applicable license agreement, including, 
without limitation, that your use is for the sole purpose of 
programming logic devices manufactured by Altera and sold by 
Altera or its authorized distributors.  Please refer to the 
applicable agreement for further details.



+------------------------------------------------------------------------------------+
; Analysis & Synthesis Summary                                                       ;
+------------------------------------+-----------------------------------------------+
; Analysis & Synthesis Status        ; Successful - Tue Aug 29 20:19:15 2023         ;
; Quartus II 32-bit Version          ; 12.1 Build 243 01/31/2013 SP 1 SJ Web Edition ;
; Revision Name                      ; pepinosDigitais                               ;
; Top-level Entity Name              ; pepinosDigitais                               ;
; Family                             ; Cyclone II                                    ;
; Total logic elements               ; 870                                           ;
;     Total combinational functions  ; 844                                           ;
;     Dedicated logic registers      ; 187                                           ;
; Total registers                    ; 187                                           ;
; Total pins                         ; 38                                            ;
; Total virtual pins                 ; 0                                             ;
; Total memory bits                  ; 0                                             ;
; Embedded Multiplier 9-bit elements ; 0                                             ;
; Total PLLs                         ; 0                                             ;
+------------------------------------+-----------------------------------------------+


+----------------------------------------------------------------------------------------------------------------------+
; Analysis & Synthesis Settings                                                                                        ;
+----------------------------------------------------------------------------+--------------------+--------------------+
; Option                                                                     ; Setting            ; Default Value      ;
+----------------------------------------------------------------------------+--------------------+--------------------+
; Device                                                                     ; EP2C35F672C6       ;                    ;
; Top-level entity name                                                      ; pepinosDigitais    ; pepinosDigitais    ;
; Family name                                                                ; Cyclone II         ; Cyclone IV GX      ;
; Use smart compilation                                                      ; Off                ; Off                ;
; Enable parallel Assembler and TimeQuest Timing Analyzer during compilation ; On                 ; On                 ;
; Enable compact report table                                                ; Off                ; Off                ;
; Restructure Multiplexers                                                   ; Auto               ; Auto               ;
; Create Debugging Nodes for IP Cores                                        ; Off                ; Off                ;
; Preserve fewer node names                                                  ; On                 ; On                 ;
; Disable OpenCore Plus hardware evaluation                                  ; Off                ; Off                ;
; Verilog Version                                                            ; Verilog_2001       ; Verilog_2001       ;
; VHDL Version                                                               ; VHDL_1993          ; VHDL_1993          ;
; State Machine Processing                                                   ; Auto               ; Auto               ;
; Safe State Machine                                                         ; Off                ; Off                ;
; Extract Verilog State Machines                                             ; On                 ; On                 ;
; Extract VHDL State Machines                                                ; On                 ; On                 ;
; Ignore Verilog initial constructs                                          ; Off                ; Off                ;
; Iteration limit for constant Verilog loops                                 ; 5000               ; 5000               ;
; Iteration limit for non-constant Verilog loops                             ; 250                ; 250                ;
; Add Pass-Through Logic to Inferred RAMs                                    ; On                 ; On                 ;
; Infer RAMs from Raw Logic                                                  ; On                 ; On                 ;
; Parallel Synthesis                                                         ; On                 ; On                 ;
; DSP Block Balancing                                                        ; Auto               ; Auto               ;
; NOT Gate Push-Back                                                         ; On                 ; On                 ;
; Power-Up Don't Care                                                        ; On                 ; On                 ;
; Remove Redundant Logic Cells                                               ; Off                ; Off                ;
; Remove Duplicate Registers                                                 ; On                 ; On                 ;
; Ignore CARRY Buffers                                                       ; Off                ; Off                ;
; Ignore CASCADE Buffers                                                     ; Off                ; Off                ;
; Ignore GLOBAL Buffers                                                      ; Off                ; Off                ;
; Ignore ROW GLOBAL Buffers                                                  ; Off                ; Off                ;
; Ignore LCELL Buffers                                                       ; Off                ; Off                ;
; Ignore SOFT Buffers                                                        ; On                 ; On                 ;
; Limit AHDL Integers to 32 Bits                                             ; Off                ; Off                ;
; Optimization Technique                                                     ; Balanced           ; Balanced           ;
; Carry Chain Length                                                         ; 70                 ; 70                 ;
; Auto Carry Chains                                                          ; On                 ; On                 ;
; Auto Open-Drain Pins                                                       ; On                 ; On                 ;
; Perform WYSIWYG Primitive Resynthesis                                      ; Off                ; Off                ;
; Auto ROM Replacement                                                       ; On                 ; On                 ;
; Auto RAM Replacement                                                       ; On                 ; On                 ;
; Auto Shift Register Replacement                                            ; Auto               ; Auto               ;
; Allow Shift Register Merging across Hierarchies                            ; Auto               ; Auto               ;
; Auto Clock Enable Replacement                                              ; On                 ; On                 ;
; Strict RAM Replacement                                                     ; Off                ; Off                ;
; Allow Synchronous Control Signals                                          ; On                 ; On                 ;
; Force Use of Synchronous Clear Signals                                     ; Off                ; Off                ;
; Auto RAM to Logic Cell Conversion                                          ; Off                ; Off                ;
; Auto Resource Sharing                                                      ; Off                ; Off                ;
; Allow Any RAM Size For Recognition                                         ; Off                ; Off                ;
; Allow Any ROM Size For Recognition                                         ; Off                ; Off                ;
; Allow Any Shift Register Size For Recognition                              ; Off                ; Off                ;
; Use LogicLock Constraints during Resource Balancing                        ; On                 ; On                 ;
; Ignore translate_off and synthesis_off directives                          ; Off                ; Off                ;
; Timing-Driven Synthesis                                                    ; Off                ; Off                ;
; Report Parameter Settings                                                  ; On                 ; On                 ;
; Report Source Assignments                                                  ; On                 ; On                 ;
; Report Connectivity Checks                                                 ; On                 ; On                 ;
; Ignore Maximum Fan-Out Assignments                                         ; Off                ; Off                ;
; Synchronization Register Chain Length                                      ; 2                  ; 2                  ;
; PowerPlay Power Optimization                                               ; Normal compilation ; Normal compilation ;
; HDL message level                                                          ; Level2             ; Level2             ;
; Suppress Register Optimization Related Messages                            ; Off                ; Off                ;
; Number of Removed Registers Reported in Synthesis Report                   ; 5000               ; 5000               ;
; Number of Swept Nodes Reported in Synthesis Report                         ; 5000               ; 5000               ;
; Number of Inverted Registers Reported in Synthesis Report                  ; 100                ; 100                ;
; Clock MUX Protection                                                       ; On                 ; On                 ;
; Auto Gated Clock Conversion                                                ; Off                ; Off                ;
; Block Design Naming                                                        ; Auto               ; Auto               ;
; SDC constraint protection                                                  ; Off                ; Off                ;
; Synthesis Effort                                                           ; Auto               ; Auto               ;
; Shift Register Replacement - Allow Asynchronous Clear Signal               ; On                 ; On                 ;
; Pre-Mapping Resynthesis Optimization                                       ; Off                ; Off                ;
; Analysis & Synthesis Message Level                                         ; Medium             ; Medium             ;
; Disable Register Merging Across Hierarchies                                ; Auto               ; Auto               ;
; Resource Aware Inference For Block RAM                                     ; On                 ; On                 ;
; Synthesis Seed                                                             ; 1                  ; 1                  ;
+----------------------------------------------------------------------------+--------------------+--------------------+


Parallel compilation was disabled, but you have multiple processors available. Enable parallel compilation to reduce compilation time.
+-------------------------------------+
; Parallel Compilation                ;
+----------------------------+--------+
; Processors                 ; Number ;
+----------------------------+--------+
; Number detected on machine ; 8      ;
; Maximum allowed            ; 1      ;
+----------------------------+--------+


+--------------------------------------------------------------------------------------------------------------------------------------------------------------------------------------------+
; Analysis & Synthesis Source Files Read                                                                                                                                                     ;
+----------------------------------+-----------------+------------------------------+----------------------------------------------------------------------------------------------+---------+
; File Name with User-Entered Path ; Used in Netlist ; File Type                    ; File Name with Absolute Path                                                                 ; Library ;
+----------------------------------+-----------------+------------------------------+----------------------------------------------------------------------------------------------+---------+
; vga.sv                           ; yes             ; User SystemVerilog HDL File  ; C:/Users/mayar/dev/pepinosDigitais/PepinosDigitais/projetofinalagoravai/vga.sv               ;         ;
; pepinosDigitais.sv               ; yes             ; User SystemVerilog HDL File  ; C:/Users/mayar/dev/pepinosDigitais/PepinosDigitais/projetofinalagoravai/pepinosDigitais.sv   ;         ;
; clock_25M_divider.sv             ; yes             ; User SystemVerilog HDL File  ; C:/Users/mayar/dev/pepinosDigitais/PepinosDigitais/projetofinalagoravai/clock_25M_divider.sv ;         ;
; randomizer.sv                    ; yes             ; User SystemVerilog HDL File  ; C:/Users/mayar/dev/pepinosDigitais/PepinosDigitais/projetofinalagoravai/randomizer.sv        ;         ;
; clock_1Hz_divider.sv             ; yes             ; User SystemVerilog HDL File  ; C:/Users/mayar/dev/pepinosDigitais/PepinosDigitais/projetofinalagoravai/clock_1Hz_divider.sv ;         ;
+----------------------------------+-----------------+------------------------------+----------------------------------------------------------------------------------------------+---------+


+-----------------------------------------------------+
; Analysis & Synthesis Resource Usage Summary         ;
+---------------------------------------------+-------+
; Resource                                    ; Usage ;
+---------------------------------------------+-------+
; Estimated Total logic elements              ; 870   ;
;                                             ;       ;
; Total combinational functions               ; 844   ;
; Logic element usage by number of LUT inputs ;       ;
;     -- 4 input functions                    ; 316   ;
;     -- 3 input functions                    ; 141   ;
;     -- <=2 input functions                  ; 387   ;
;                                             ;       ;
; Logic elements by mode                      ;       ;
;     -- normal mode                          ; 512   ;
;     -- arithmetic mode                      ; 332   ;
;                                             ;       ;
; Total registers                             ; 187   ;
;     -- Dedicated logic registers            ; 187   ;
;     -- I/O registers                        ; 0     ;
;                                             ;       ;
; I/O pins                                    ; 38    ;
; Embedded Multiplier 9-bit elements          ; 0     ;
; Maximum fan-out                             ; 66    ;
; Total fan-out                               ; 2900  ;
; Average fan-out                             ; 2.71  ;
+---------------------------------------------+-------+


+----------------------------------------------------------------------------------------------------------------------------------------------------------------------------------------------------------------------+
; Analysis & Synthesis Resource Utilization by Entity                                                                                                                                                                  ;
+---------------------------------------+-------------------+--------------+-------------+--------------+---------+-----------+------+--------------+---------------------------------------------------+--------------+
; Compilation Hierarchy Node            ; LC Combinationals ; LC Registers ; Memory Bits ; DSP Elements ; DSP 9x9 ; DSP 18x18 ; Pins ; Virtual Pins ; Full Hierarchy Name                               ; Library Name ;
+---------------------------------------+-------------------+--------------+-------------+--------------+---------+-----------+------+--------------+---------------------------------------------------+--------------+
; |pepinosDigitais                      ; 844 (707)         ; 187 (101)    ; 0           ; 0            ; 0       ; 0         ; 38   ; 0            ; |pepinosDigitais                                  ;              ;
;    |clock_1Hz_divider:inst_clock_1Hz| ; 94 (94)           ; 65 (65)      ; 0           ; 0            ; 0       ; 0         ; 0    ; 0            ; |pepinosDigitais|clock_1Hz_divider:inst_clock_1Hz ;              ;
;    |clock_25M_divider:inst_clock_25M| ; 1 (1)             ; 1 (1)        ; 0           ; 0            ; 0       ; 0         ; 0    ; 0            ; |pepinosDigitais|clock_25M_divider:inst_clock_25M ;              ;
;    |vga:instancia_vga|                ; 42 (42)           ; 20 (20)      ; 0           ; 0            ; 0       ; 0         ; 0    ; 0            ; |pepinosDigitais|vga:instancia_vga                ;              ;
+---------------------------------------+-------------------+--------------+-------------+--------------+---------+-----------+------+--------------+---------------------------------------------------+--------------+
Note: For table entries with two numbers listed, the numbers in parentheses indicate the number of resources of the given type used by the specific entity alone. The numbers listed outside of parentheses indicate the total resources of the given type used by the specific entity and all of its sub-entities in the hierarchy.


+---------------------------------------------------------------------------------+
; Registers Removed During Synthesis                                              ;
+----------------------------------------+----------------------------------------+
; Register name                          ; Reason for Removal                     ;
+----------------------------------------+----------------------------------------+
; cardsFlipped[1][31]                    ; Stuck at GND due to stuck port data_in ;
; cardsFlipped[1][30]                    ; Stuck at GND due to stuck port data_in ;
; cardsFlipped[1][29]                    ; Stuck at GND due to stuck port data_in ;
; cardsFlipped[1][28]                    ; Stuck at GND due to stuck port data_in ;
; cardsFlipped[1][27]                    ; Stuck at GND due to stuck port data_in ;
; cardsFlipped[1][26]                    ; Stuck at GND due to stuck port data_in ;
; cardsFlipped[1][25]                    ; Stuck at GND due to stuck port data_in ;
; cardsFlipped[1][24]                    ; Stuck at GND due to stuck port data_in ;
; cardsFlipped[1][23]                    ; Stuck at GND due to stuck port data_in ;
; cardsFlipped[1][22]                    ; Stuck at GND due to stuck port data_in ;
; cardsFlipped[1][21]                    ; Stuck at GND due to stuck port data_in ;
; cardsFlipped[1][20]                    ; Stuck at GND due to stuck port data_in ;
; cardsFlipped[1][19]                    ; Stuck at GND due to stuck port data_in ;
; cardsFlipped[1][18]                    ; Stuck at GND due to stuck port data_in ;
; cardsFlipped[1][17]                    ; Stuck at GND due to stuck port data_in ;
; cardsFlipped[1][16]                    ; Stuck at GND due to stuck port data_in ;
; cardsFlipped[1][15]                    ; Stuck at GND due to stuck port data_in ;
; cardsFlipped[1][14]                    ; Stuck at GND due to stuck port data_in ;
; cardsFlipped[1][13]                    ; Stuck at GND due to stuck port data_in ;
; cardsFlipped[1][12]                    ; Stuck at GND due to stuck port data_in ;
; cardsFlipped[1][11]                    ; Stuck at GND due to stuck port data_in ;
; cardsFlipped[1][10]                    ; Stuck at GND due to stuck port data_in ;
; cardsFlipped[1][9]                     ; Stuck at GND due to stuck port data_in ;
; cardsFlipped[1][8]                     ; Stuck at GND due to stuck port data_in ;
; cardsFlipped[1][7]                     ; Stuck at GND due to stuck port data_in ;
; cardsFlipped[1][6]                     ; Stuck at GND due to stuck port data_in ;
; cardsFlipped[1][5]                     ; Stuck at GND due to stuck port data_in ;
; numberOfCardsFlipped[20..31]           ; Stuck at GND due to stuck port data_in ;
; cardsFlipped[0][31]                    ; Stuck at GND due to stuck port data_in ;
; cardsFlipped[0][30]                    ; Stuck at GND due to stuck port data_in ;
; cardsFlipped[0][29]                    ; Stuck at GND due to stuck port data_in ;
; cardsFlipped[0][28]                    ; Stuck at GND due to stuck port data_in ;
; cardsFlipped[0][27]                    ; Stuck at GND due to stuck port data_in ;
; cardsFlipped[0][26]                    ; Stuck at GND due to stuck port data_in ;
; cardsFlipped[0][25]                    ; Stuck at GND due to stuck port data_in ;
; cardsFlipped[0][24]                    ; Stuck at GND due to stuck port data_in ;
; cardsFlipped[0][23]                    ; Stuck at GND due to stuck port data_in ;
; cardsFlipped[0][22]                    ; Stuck at GND due to stuck port data_in ;
; cardsFlipped[0][21]                    ; Stuck at GND due to stuck port data_in ;
; cardsFlipped[0][20]                    ; Stuck at GND due to stuck port data_in ;
; cardsFlipped[0][19]                    ; Stuck at GND due to stuck port data_in ;
; cardsFlipped[0][18]                    ; Stuck at GND due to stuck port data_in ;
; cardsFlipped[0][17]                    ; Stuck at GND due to stuck port data_in ;
; cardsFlipped[0][16]                    ; Stuck at GND due to stuck port data_in ;
; cardsFlipped[0][15]                    ; Stuck at GND due to stuck port data_in ;
; cardsFlipped[0][14]                    ; Stuck at GND due to stuck port data_in ;
; cardsFlipped[0][13]                    ; Stuck at GND due to stuck port data_in ;
; cardsFlipped[0][12]                    ; Stuck at GND due to stuck port data_in ;
; cardsFlipped[0][11]                    ; Stuck at GND due to stuck port data_in ;
; cardsFlipped[0][10]                    ; Stuck at GND due to stuck port data_in ;
; cardsFlipped[0][9]                     ; Stuck at GND due to stuck port data_in ;
; cardsFlipped[0][8]                     ; Stuck at GND due to stuck port data_in ;
; cardsFlipped[0][7]                     ; Stuck at GND due to stuck port data_in ;
; cardsFlipped[0][6]                     ; Stuck at GND due to stuck port data_in ;
; cardsFlipped[0][5]                     ; Stuck at GND due to stuck port data_in ;
; isOut[0..19]                           ; Stuck at GND due to stuck port data_in ;
; cardsFlipped[0][0]                     ; Lost fanout                            ;
; cardsFlipped[0][1]                     ; Lost fanout                            ;
; cardsFlipped[0][2]                     ; Lost fanout                            ;
; cardsFlipped[0][3]                     ; Lost fanout                            ;
; cardsFlipped[0][4]                     ; Lost fanout                            ;
; cardsFlipped[1][0]                     ; Lost fanout                            ;
; cardsFlipped[1][1]                     ; Lost fanout                            ;
; cardsFlipped[1][2]                     ; Lost fanout                            ;
; cardsFlipped[1][3]                     ; Lost fanout                            ;
; cardsFlipped[1][4]                     ; Lost fanout                            ;
; numberOfCardsFlipped[17..19]           ; Stuck at GND due to stuck port data_in ;
; Total Number of Removed Registers = 99 ;                                        ;
+----------------------------------------+----------------------------------------+


+-------------------------------------------------------------------------------------------------------------------------------------------------------+
; Removed Registers Triggering Further Register Optimizations                                                                                           ;
+---------------------+---------------------------+-----------------------------------------------------------------------------------------------------+
; Register name       ; Reason for Removal        ; Registers Removed due to This Register                                                              ;
+---------------------+---------------------------+-----------------------------------------------------------------------------------------------------+
; cardsFlipped[1][31] ; Stuck at GND              ; isOut[0], isOut[1], isOut[2], isOut[3], isOut[4], isOut[5], isOut[6], isOut[7], isOut[8], isOut[9], ;
;                     ; due to stuck port data_in ; isOut[10], isOut[11], isOut[12], isOut[13], isOut[14], isOut[15], isOut[16], isOut[17],             ;
;                     ;                           ; isOut[18], isOut[19], cardsFlipped[1][1], cardsFlipped[1][2], cardsFlipped[1][3],                   ;
;                     ;                           ; cardsFlipped[1][4]                                                                                  ;
; cardsFlipped[0][31] ; Stuck at GND              ; cardsFlipped[0][1], cardsFlipped[0][2], cardsFlipped[0][3], cardsFlipped[0][4]                      ;
;                     ; due to stuck port data_in ;                                                                                                     ;
; cardsFlipped[1][5]  ; Stuck at GND              ; numberOfCardsFlipped[19], numberOfCardsFlipped[18], numberOfCardsFlipped[17]                        ;
;                     ; due to stuck port data_in ;                                                                                                     ;
+---------------------+---------------------------+-----------------------------------------------------------------------------------------------------+


+------------------------------------------------------+
; General Register Statistics                          ;
+----------------------------------------------+-------+
; Statistic                                    ; Value ;
+----------------------------------------------+-------+
; Total registers                              ; 187   ;
; Number of registers using Synchronous Clear  ; 0     ;
; Number of registers using Synchronous Load   ; 28    ;
; Number of registers using Asynchronous Clear ; 0     ;
; Number of registers using Asynchronous Load  ; 0     ;
; Number of registers using Clock Enable       ; 12    ;
; Number of registers using Preset             ; 0     ;
+----------------------------------------------+-------+


+--------------------------------------------------+
; Inverted Register Statistics                     ;
+----------------------------------------+---------+
; Inverted Register                      ; Fan out ;
+----------------------------------------+---------+
; vga_hsync~reg0                         ; 1       ;
; vga_vsync~reg0                         ; 1       ;
; Total number of inverted registers = 2 ;         ;
+----------------------------------------+---------+


+---------------------------------------------------------------------------------------------------------------------------------------------------------+
; Multiplexer Restructuring Statistics (Restructuring Performed)                                                                                          ;
+--------------------+-----------+---------------+----------------------+------------------------+------------+-------------------------------------------+
; Multiplexer Inputs ; Bus Width ; Baseline Area ; Area if Restructured ; Saving if Restructured ; Registered ; Example Multiplexer Output                ;
+--------------------+-----------+---------------+----------------------+------------------------+------------+-------------------------------------------+
; 3:1                ; 2 bits    ; 4 LEs         ; 2 LEs                ; 2 LEs                  ; Yes        ; |pepinosDigitais|pos[1]                   ;
; 3:1                ; 19 bits   ; 38 LEs        ; 38 LEs               ; 0 LEs                  ; Yes        ; |pepinosDigitais|numberOfCardsFlipped[12] ;
; 3:1                ; 2 bits    ; 4 LEs         ; 2 LEs                ; 2 LEs                  ; Yes        ; |pepinosDigitais|pos[2]                   ;
; 3:1                ; 28 bits   ; 56 LEs        ; 56 LEs               ; 0 LEs                  ; Yes        ; |pepinosDigitais|pos[22]                  ;
; 3:1                ; 30 bits   ; 60 LEs        ; 60 LEs               ; 0 LEs                  ; No         ; |pepinosDigitais|pos                      ;
; 62:1               ; 2 bits    ; 82 LEs        ; 48 LEs               ; 34 LEs                 ; No         ; |pepinosDigitais|vga_r                    ;
+--------------------+-----------+---------------+----------------------+------------------------+------------+-------------------------------------------+


+---------------------------------------------------------------------------------+
; Parameter Settings for User Entity Instance: Top-level Entity: |pepinosDigitais ;
+--------------------+------------+-----------------------------------------------+
; Parameter Name     ; Value      ; Type                                          ;
+--------------------+------------+-----------------------------------------------+
; SCREEN_WIDTH       ; 1010000000 ; Unsigned Binary                               ;
; SCREEN_HEIGHT      ; 0111100000 ; Unsigned Binary                               ;
; COLOR_WHITE        ; 1111111111 ; Unsigned Binary                               ;
; COLOR_GRAY         ; 1000000000 ; Unsigned Binary                               ;
; COLOR_BLACK        ; 0000000000 ; Unsigned Binary                               ;
; COLOR_MAGENTA_r    ; 1111111111 ; Unsigned Binary                               ;
; COLOR_MAGENTA_g    ; 0000000000 ; Unsigned Binary                               ;
; COLOR_MAGENTA_b    ; 1111111111 ; Unsigned Binary                               ;
; COLOR_CYAN_r       ; 0000000000 ; Unsigned Binary                               ;
; COLOR_CYAN_g       ; 1111111111 ; Unsigned Binary                               ;
; COLOR_CYAN_b       ; 1111111111 ; Unsigned Binary                               ;
; COLOR_YELLOW_r     ; 1111111111 ; Unsigned Binary                               ;
; COLOR_YELLOW_g     ; 1111111111 ; Unsigned Binary                               ;
; COLOR_YELLOW_b     ; 0000000000 ; Unsigned Binary                               ;
; COLOR_RED_r        ; 1111111111 ; Unsigned Binary                               ;
; COLOR_RED_g        ; 0000000000 ; Unsigned Binary                               ;
; COLOR_RED_b        ; 0000000000 ; Unsigned Binary                               ;
; COLOR_LIME_r       ; 0000000000 ; Unsigned Binary                               ;
; COLOR_LIME_g       ; 1111111111 ; Unsigned Binary                               ;
; COLOR_LIME_b       ; 0000000000 ; Unsigned Binary                               ;
; COLOR_BLUE_r       ; 0000000000 ; Unsigned Binary                               ;
; COLOR_BLUE_g       ; 0000000000 ; Unsigned Binary                               ;
; COLOR_BLUE_b       ; 1111111111 ; Unsigned Binary                               ;
; COLOR_ORANGE_r     ; 1111111111 ; Unsigned Binary                               ;
; COLOR_ORANGE_g     ; 1010111100 ; Unsigned Binary                               ;
; COLOR_ORANGE_b     ; 0000000000 ; Unsigned Binary                               ;
; COLOR_OLIVE_r      ; 1000000000 ; Unsigned Binary                               ;
; COLOR_OLIVE_g      ; 1000000000 ; Unsigned Binary                               ;
; COLOR_OLIVE_b      ; 0000000000 ; Unsigned Binary                               ;
; COLOR_PURPLE_r     ; 1000000000 ; Unsigned Binary                               ;
; COLOR_PURPLE_g     ; 0000000000 ; Unsigned Binary                               ;
; COLOR_PURPLE_b     ; 1000000000 ; Unsigned Binary                               ;
; COLOR_BROWN_r      ; 1010101000 ; Unsigned Binary                               ;
; COLOR_BROWN_g      ; 0101010101 ; Unsigned Binary                               ;
; COLOR_BROWN_b      ; 0000000000 ; Unsigned Binary                               ;
; LARGURA_CARTA      ; 104        ; Signed Integer                                ;
; ALTURA_CARTA       ; 95         ; Signed Integer                                ;
; ESPACAMENTO_CARTAS ; 20         ; Signed Integer                                ;
; OFFSET             ; 26         ; Signed Integer                                ;
+--------------------+------------+-----------------------------------------------+
Note: In order to hide this table in the UI and the text report file, please set the "Show Parameter Settings in Synthesis Report" option in "Analysis and Synthesis Settings -> More Settings" to "Off".


+----------------------------------------------------------------+
; Parameter Settings for User Entity Instance: vga:instancia_vga ;
+----------------+-------+---------------------------------------+
; Parameter Name ; Value ; Type                                  ;
+----------------+-------+---------------------------------------+
; HA_END         ; 639   ; Signed Integer                        ;
; HS_STA         ; 655   ; Signed Integer                        ;
; HS_END         ; 751   ; Signed Integer                        ;
; LINE           ; 799   ; Signed Integer                        ;
; VA_END         ; 479   ; Signed Integer                        ;
; VS_STA         ; 489   ; Signed Integer                        ;
; VS_END         ; 491   ; Signed Integer                        ;
; SCREEN         ; 524   ; Signed Integer                        ;
+----------------+-------+---------------------------------------+
Note: In order to hide this table in the UI and the text report file, please set the "Show Parameter Settings in Synthesis Report" option in "Analysis and Synthesis Settings -> More Settings" to "Off".


+------------------------------------------------------------------------------+
; Parameter Settings for User Entity Instance: randomizer:instancia_randomizer ;
+----------------+-------+-----------------------------------------------------+
; Parameter Name ; Value ; Type                                                ;
+----------------+-------+-----------------------------------------------------+
; repetitions    ; 100   ; Signed Integer                                      ;
; maxTries       ; 200   ; Signed Integer                                      ;
+----------------+-------+-----------------------------------------------------+
Note: In order to hide this table in the UI and the text report file, please set the "Show Parameter Settings in Synthesis Report" option in "Analysis and Synthesis Settings -> More Settings" to "Off".


+-----------------------------------------------+
; Port Connectivity Checks: "vga:instancia_vga" ;
+-------+-------+----------+--------------------+
; Port  ; Type  ; Severity ; Details            ;
+-------+-------+----------+--------------------+
; reset ; Input ; Info     ; Stuck at GND       ;
+-------+-------+----------+--------------------+


+--------------------------------------------------------------+
; Port Connectivity Checks: "clock_25M_divider:inst_clock_25M" ;
+------+-------+----------+------------------------------------+
; Port ; Type  ; Severity ; Details                            ;
+------+-------+----------+------------------------------------+
; rst  ; Input ; Info     ; Stuck at GND                       ;
+------+-------+----------+------------------------------------+


+-------------------------------+
; Elapsed Time Per Partition    ;
+----------------+--------------+
; Partition Name ; Elapsed Time ;
+----------------+--------------+
; Top            ; 00:00:04     ;
+----------------+--------------+


+-------------------------------+
; Analysis & Synthesis Messages ;
+-------------------------------+
Info: *******************************************************************
Info: Running Quartus II 32-bit Analysis & Synthesis
    Info: Version 12.1 Build 243 01/31/2013 Service Pack 1 SJ Web Edition
    Info: Processing started: Tue Aug 29 20:18:34 2023
Info: Command: quartus_map --read_settings_files=on --write_settings_files=off pepinosDigitais -c pepinosDigitais
Warning (20028): Parallel compilation is not licensed and has been disabled
Info (12021): Found 2 design units, including 2 entities, in source file vga.sv
    Info (12023): Found entity 1: vga
    Info (12023): Found entity 2: vga_tb
Info (12021): Found 1 design units, including 1 entities, in source file pepinosdigitais.sv
    Info (12023): Found entity 1: pepinosDigitais
Info (12021): Found 2 design units, including 2 entities, in source file clock_25m_divider.sv
    Info (12023): Found entity 1: clock_25M_divider
    Info (12023): Found entity 2: clock_25M_divider_tb
Info (12021): Found 1 design units, including 1 entities, in source file cardpair.sv
    Info (12023): Found entity 1: cardPair
Info (12021): Found 1 design units, including 1 entities, in source file randomizer.sv
    Info (12023): Found entity 1: randomizer
Info (12021): Found 1 design units, including 1 entities, in source file clock_1hz_divider.sv
    Info (12023): Found entity 1: clock_1Hz_divider
Info (12127): Elaborating entity "pepinosDigitais" for the top level hierarchy
Warning (10036): Verilog HDL or VHDL warning at pepinosDigitais.sv(72): object "gameOver" assigned a value but never read
Warning (10036): Verilog HDL or VHDL warning at pepinosDigitais.sv(74): object "PAR_CARTAS_1" assigned a value but never read
Warning (10036): Verilog HDL or VHDL warning at pepinosDigitais.sv(75): object "PAR_CARTAS_2" assigned a value but never read
Warning (10036): Verilog HDL or VHDL warning at pepinosDigitais.sv(76): object "PAR_CARTAS_3" assigned a value but never read
Warning (10036): Verilog HDL or VHDL warning at pepinosDigitais.sv(77): object "PAR_CARTAS_4" assigned a value but never read
Warning (10036): Verilog HDL or VHDL warning at pepinosDigitais.sv(78): object "PAR_CARTAS_5" assigned a value but never read
Warning (10036): Verilog HDL or VHDL warning at pepinosDigitais.sv(79): object "PAR_CARTAS_6" assigned a value but never read
Warning (10036): Verilog HDL or VHDL warning at pepinosDigitais.sv(80): object "PAR_CARTAS_7" assigned a value but never read
Warning (10036): Verilog HDL or VHDL warning at pepinosDigitais.sv(81): object "PAR_CARTAS_8" assigned a value but never read
Warning (10036): Verilog HDL or VHDL warning at pepinosDigitais.sv(82): object "PAR_CARTAS_9" assigned a value but never read
Warning (10036): Verilog HDL or VHDL warning at pepinosDigitais.sv(83): object "PAR_CARTAS_10" assigned a value but never read
Warning (10036): Verilog HDL or VHDL warning at pepinosDigitais.sv(123): object "frame" assigned a value but never read
Warning (10762): Verilog HDL Case Statement warning at pepinosDigitais.sv(160): can't check case statement for completeness because the case expression has too many possible states
Info (10008): Verilog HDL or VHDL information: EDA Netlist Writer cannot regroup multidimensional array "CARTAS" into its bus
Info (12128): Elaborating entity "clock_25M_divider" for hierarchy "clock_25M_divider:inst_clock_25M"
Info (12128): Elaborating entity "clock_1Hz_divider" for hierarchy "clock_1Hz_divider:inst_clock_1Hz"
Info (12128): Elaborating entity "vga" for hierarchy "vga:instancia_vga"
Warning (10230): Verilog HDL assignment warning at vga.sv(35): truncated value with size 32 to match size of target (10)
Info (12128): Elaborating entity "randomizer" for hierarchy "randomizer:instancia_randomizer"
Warning (10036): Verilog HDL or VHDL warning at randomizer.sv(16): object "counter" assigned a value but never read
Warning (10855): Verilog HDL warning at randomizer.sv(11): initial value for variable k should be constant
Warning (10855): Verilog HDL warning at randomizer.sv(11): initial value for variable validNumber should be constant
Warning (10855): Verilog HDL warning at randomizer.sv(11): initial value for variable feedback should be constant
Warning (10855): Verilog HDL warning at randomizer.sv(11): initial value for variable LFSR should be constant
Warning (10855): Verilog HDL warning at randomizer.sv(11): initial value for variable randomInt should be constant
Warning (10855): Verilog HDL warning at randomizer.sv(11): initial value for variable j should be constant
Warning (10855): Verilog HDL warning at randomizer.sv(11): initial value for variable cardOrder should be constant
Warning (10034): Output port "cardOrder" at randomizer.sv(3) has no driver
Warning (12158): Entity "randomizer" contains only dangling pins
Warning (13024): Output pins are stuck at VCC or GND
    Warning (13410): Pin "vga_blank" is stuck at VCC
Info (17049): 10 registers lost all their fanouts during netlist optimizations.
Info (16010): Generating hard_block partition "hard_block:auto_generated_inst"
    Info (16011): Adding 0 node(s), including 0 DDIO, 0 PLL, 0 transceiver and 0 LCELL
Info (21057): Implemented 967 device resources after synthesis - the final resource count might be different
    Info (21058): Implemented 4 input pins
    Info (21059): Implemented 34 output pins
    Info (21061): Implemented 929 logic cells
Info: Quartus II 32-bit Analysis & Synthesis was successful. 0 errors, 27 warnings
    Info: Peak virtual memory: 1175 megabytes
    Info: Processing ended: Tue Aug 29 20:19:15 2023
    Info: Elapsed time: 00:00:41
    Info: Total CPU time (on all processors): 00:00:41


